C:\Program Files\Microsoft Visual Studio\2022\Community\MSBuild\Microsoft\VC\v170\Microsoft.CppBuild.targets(531,5): warning MSB8028: The intermediate directory (x64\Debug\) contains files shared from another project (SFML_ADPRG_PROJECT.vcxproj).  This can lead to incorrect clean and rebuild behavior.
  AirplanePlayer.cpp
  Collider.cpp
  EnemyAirplane.cpp
C:\Users\ASUS\Documents\GitHub\MP_ADPRG\MP_ADPRG_\MP_ADPRG\MP_ADPRG\EnemyAirplane.h(25,26): warning C4244: 'initializing': conversion from 'float' to 'const int', possible loss of data
  (compiling source file 'EnemyAirplane.cpp')
  
C:\Users\ASUS\Documents\GitHub\MP_ADPRG\MP_ADPRG_\MP_ADPRG\MP_ADPRG\EnemyAirplane.cpp(16,53): warning C4244: 'argument': conversion from 'T' to 'float', possible loss of data
C:\Users\ASUS\Documents\GitHub\MP_ADPRG\MP_ADPRG_\MP_ADPRG\MP_ADPRG\EnemyAirplane.cpp(16,53): warning C4244:         with
C:\Users\ASUS\Documents\GitHub\MP_ADPRG\MP_ADPRG_\MP_ADPRG\MP_ADPRG\EnemyAirplane.cpp(16,53): warning C4244:         [
C:\Users\ASUS\Documents\GitHub\MP_ADPRG\MP_ADPRG_\MP_ADPRG\MP_ADPRG\EnemyAirplane.cpp(16,53): warning C4244:             T=unsigned int
C:\Users\ASUS\Documents\GitHub\MP_ADPRG\MP_ADPRG_\MP_ADPRG\MP_ADPRG\EnemyAirplane.cpp(16,53): warning C4244:         ]
C:\Users\ASUS\Documents\GitHub\MP_ADPRG\MP_ADPRG_\MP_ADPRG\MP_ADPRG\EnemyAirplane.cpp(16,34): warning C4244: 'argument': conversion from 'T' to 'float', possible loss of data
C:\Users\ASUS\Documents\GitHub\MP_ADPRG\MP_ADPRG_\MP_ADPRG\MP_ADPRG\EnemyAirplane.cpp(16,34): warning C4244:         with
C:\Users\ASUS\Documents\GitHub\MP_ADPRG\MP_ADPRG_\MP_ADPRG\MP_ADPRG\EnemyAirplane.cpp(16,34): warning C4244:         [
C:\Users\ASUS\Documents\GitHub\MP_ADPRG\MP_ADPRG_\MP_ADPRG\MP_ADPRG\EnemyAirplane.cpp(16,34): warning C4244:             T=unsigned int
C:\Users\ASUS\Documents\GitHub\MP_ADPRG\MP_ADPRG_\MP_ADPRG\MP_ADPRG\EnemyAirplane.cpp(16,34): warning C4244:         ]
C:\Users\ASUS\Documents\GitHub\MP_ADPRG\MP_ADPRG_\MP_ADPRG\MP_ADPRG\EnemyAirplane.cpp(18,102): warning C4244: 'argument': conversion from 'int' to 'float', possible loss of data
C:\Users\ASUS\Documents\GitHub\MP_ADPRG\MP_ADPRG_\MP_ADPRG\MP_ADPRG\EnemyAirplane.cpp(18,39): warning C4244: 'argument': conversion from 'int' to 'float', possible loss of data
C:\Users\ASUS\Documents\GitHub\MP_ADPRG\MP_ADPRG_\MP_ADPRG\MP_ADPRG\EnemyAirplane.cpp(19,40): warning C4244: 'argument': conversion from 'int' to 'float', possible loss of data
C:\Users\ASUS\Documents\GitHub\MP_ADPRG\MP_ADPRG_\MP_ADPRG\MP_ADPRG\EnemyAirplane.cpp(47,122): warning C4244: 'argument': conversion from 'int' to 'float', possible loss of data
C:\Users\ASUS\Documents\GitHub\MP_ADPRG\MP_ADPRG_\MP_ADPRG\MP_ADPRG\EnemyAirplane.cpp(47,39): warning C4244: 'argument': conversion from 'int' to 'float', possible loss of data
  MainMenuScreen.cpp
C:\Users\ASUS\Documents\GitHub\MP_ADPRG\MP_ADPRG_\MP_ADPRG\MP_ADPRG\MainMenuScreen.cpp(19,58): warning C4244: 'argument': conversion from 'T' to 'float', possible loss of data
C:\Users\ASUS\Documents\GitHub\MP_ADPRG\MP_ADPRG_\MP_ADPRG\MP_ADPRG\MainMenuScreen.cpp(19,58): warning C4244:         with
C:\Users\ASUS\Documents\GitHub\MP_ADPRG\MP_ADPRG_\MP_ADPRG\MP_ADPRG\MainMenuScreen.cpp(19,58): warning C4244:         [
C:\Users\ASUS\Documents\GitHub\MP_ADPRG\MP_ADPRG_\MP_ADPRG\MP_ADPRG\MainMenuScreen.cpp(19,58): warning C4244:             T=unsigned int
C:\Users\ASUS\Documents\GitHub\MP_ADPRG\MP_ADPRG_\MP_ADPRG\MP_ADPRG\MainMenuScreen.cpp(19,58): warning C4244:         ]
C:\Users\ASUS\Documents\GitHub\MP_ADPRG\MP_ADPRG_\MP_ADPRG\MP_ADPRG\MainMenuScreen.cpp(19,39): warning C4244: 'argument': conversion from 'T' to 'float', possible loss of data
C:\Users\ASUS\Documents\GitHub\MP_ADPRG\MP_ADPRG_\MP_ADPRG\MP_ADPRG\MainMenuScreen.cpp(19,39): warning C4244:         with
C:\Users\ASUS\Documents\GitHub\MP_ADPRG\MP_ADPRG_\MP_ADPRG\MP_ADPRG\MainMenuScreen.cpp(19,39): warning C4244:         [
C:\Users\ASUS\Documents\GitHub\MP_ADPRG\MP_ADPRG_\MP_ADPRG\MP_ADPRG\MainMenuScreen.cpp(19,39): warning C4244:             T=unsigned int
C:\Users\ASUS\Documents\GitHub\MP_ADPRG\MP_ADPRG_\MP_ADPRG\MP_ADPRG\MainMenuScreen.cpp(19,39): warning C4244:         ]
  PhysicsManager.cpp
  TitleScreen.cpp
C:\Users\ASUS\Documents\GitHub\MP_ADPRG\MP_ADPRG_\MP_ADPRG\MP_ADPRG\TitleScreen.cpp(12,58): warning C4244: 'argument': conversion from 'T' to 'float', possible loss of data
C:\Users\ASUS\Documents\GitHub\MP_ADPRG\MP_ADPRG_\MP_ADPRG\MP_ADPRG\TitleScreen.cpp(12,58): warning C4244:         with
C:\Users\ASUS\Documents\GitHub\MP_ADPRG\MP_ADPRG_\MP_ADPRG\MP_ADPRG\TitleScreen.cpp(12,58): warning C4244:         [
C:\Users\ASUS\Documents\GitHub\MP_ADPRG\MP_ADPRG_\MP_ADPRG\MP_ADPRG\TitleScreen.cpp(12,58): warning C4244:             T=unsigned int
C:\Users\ASUS\Documents\GitHub\MP_ADPRG\MP_ADPRG_\MP_ADPRG\MP_ADPRG\TitleScreen.cpp(12,58): warning C4244:         ]
C:\Users\ASUS\Documents\GitHub\MP_ADPRG\MP_ADPRG_\MP_ADPRG\MP_ADPRG\TitleScreen.cpp(12,39): warning C4244: 'argument': conversion from 'T' to 'float', possible loss of data
C:\Users\ASUS\Documents\GitHub\MP_ADPRG\MP_ADPRG_\MP_ADPRG\MP_ADPRG\TitleScreen.cpp(12,39): warning C4244:         with
C:\Users\ASUS\Documents\GitHub\MP_ADPRG\MP_ADPRG_\MP_ADPRG\MP_ADPRG\TitleScreen.cpp(12,39): warning C4244:         [
C:\Users\ASUS\Documents\GitHub\MP_ADPRG\MP_ADPRG_\MP_ADPRG\MP_ADPRG\TitleScreen.cpp(12,39): warning C4244:             T=unsigned int
C:\Users\ASUS\Documents\GitHub\MP_ADPRG\MP_ADPRG_\MP_ADPRG\MP_ADPRG\TitleScreen.cpp(12,39): warning C4244:         ]
  Generating Code...
  MP_ADPRG.vcxproj -> C:\Users\ASUS\Documents\GitHub\MP_ADPRG\MP_ADPRG_\MP_ADPRG\x64\Debug\MP_ADPRG.exe
